-- The C compiler identification is GNU 11.4.0
-- The CXX compiler identification is GNU 11.4.0
-- Detecting C compiler ABI info
-- Detecting C compiler ABI info - done
-- Check for working C compiler: /usr/bin/cc - skipped
-- Detecting C compile features
-- Detecting C compile features - done
-- Detecting CXX compiler ABI info
-- Detecting CXX compiler ABI info - done
-- Check for working CXX compiler: /usr/bin/c++ - skipped
-- Detecting CXX compile features
-- Detecting CXX compile features - done
-- Found ament_cmake: 1.3.13 (/opt/ros/humble/share/ament_cmake/cmake)
-- Found Python3: /usr/bin/python3 (found version "3.10.12") found components: Interpreter 
-- Override CMake install command with custom implementation using symlinks instead of copying resources
-- Found rclcpp: 16.0.18 (/opt/ros/humble/share/rclcpp/cmake)
-- Found rosidl_generator_c: 3.1.8 (/opt/ros/humble/share/rosidl_generator_c/cmake)
-- Found rosidl_adapter: 3.1.8 (/opt/ros/humble/share/rosidl_adapter/cmake)
-- Found rosidl_generator_cpp: 3.1.8 (/opt/ros/humble/share/rosidl_generator_cpp/cmake)
-- Using all available rosidl_typesupport_c: rosidl_typesupport_fastrtps_c;rosidl_typesupport_introspection_c
-- Using all available rosidl_typesupport_cpp: rosidl_typesupport_fastrtps_cpp;rosidl_typesupport_introspection_cpp
-- Found rmw_implementation_cmake: 6.1.2 (/opt/ros/humble/share/rmw_implementation_cmake/cmake)
-- Found rmw_fastrtps_cpp: 6.2.10 (/opt/ros/humble/share/rmw_fastrtps_cpp/cmake)
-- Found OpenSSL: /usr/lib/x86_64-linux-gnu/libcrypto.so (found version "3.0.2")  
-- Found FastRTPS: /opt/ros/humble/include  
-- Using RMW implementation 'rmw_fastrtps_cpp' as default
-- Looking for pthread.h
-- Looking for pthread.h - found
-- Performing Test CMAKE_HAVE_LIBC_PTHREAD
-- Performing Test CMAKE_HAVE_LIBC_PTHREAD - Success
-- Found Threads: TRUE  
-- Found OpenMP_C: -fopenmp (found version "4.5") 
-- Found OpenMP_CXX: -fopenmp (found version "4.5") 
-- Found OpenMP: TRUE (found version "4.5")  
-- Configuring done
-- Generating done
-- Build files have been written to: /home/atharv/robofest_ws/build/robofest
[ 50%] [32mBuilding CXX object CMakeFiles/mine_detector.dir/src/port.cpp.o[0m
[100%] [32m[1mLinking CXX executable mine_detector[0m
[100%] Built target mine_detector
-- Install configuration: ""
-- Execute custom install script
-- Symlinking: /home/atharv/robofest_ws/install/robofest/lib/robofest/mine_detector
-- Symlinking: /home/atharv/robofest_ws/install/robofest/share/ament_index/resource_index/package_run_dependencies/robofest
-- Symlinking: /home/atharv/robofest_ws/install/robofest/share/ament_index/resource_index/parent_prefix_path/robofest
-- Symlinking: /home/atharv/robofest_ws/install/robofest/share/robofest/environment/ament_prefix_path.sh
-- Symlinking: /home/atharv/robofest_ws/install/robofest/share/robofest/environment/ament_prefix_path.dsv
-- Symlinking: /home/atharv/robofest_ws/install/robofest/share/robofest/environment/path.sh
-- Symlinking: /home/atharv/robofest_ws/install/robofest/share/robofest/environment/path.dsv
-- Symlinking: /home/atharv/robofest_ws/install/robofest/share/robofest/local_setup.bash
-- Symlinking: /home/atharv/robofest_ws/install/robofest/share/robofest/local_setup.sh
-- Symlinking: /home/atharv/robofest_ws/install/robofest/share/robofest/local_setup.zsh
-- Symlinking: /home/atharv/robofest_ws/install/robofest/share/robofest/local_setup.dsv
-- Symlinking: /home/atharv/robofest_ws/install/robofest/share/robofest/package.dsv
-- Symlinking: /home/atharv/robofest_ws/install/robofest/share/ament_index/resource_index/packages/robofest
-- Symlinking: /home/atharv/robofest_ws/install/robofest/share/robofest/cmake/robofestConfig.cmake
-- Symlinking: /home/atharv/robofest_ws/install/robofest/share/robofest/cmake/robofestConfig-version.cmake
-- Symlinking: /home/atharv/robofest_ws/install/robofest/share/robofest/package.xml
