[0.009s] Invoking command in '/home/atharv/robofest_ws/build/robofest': CMAKE_PREFIX_PATH=/opt/ros/humble /usr/bin/cmake /home/atharv/robofest_ws/src/robofest -DAMENT_CMAKE_SYMLINK_INSTALL=1 -DCMAKE_INSTALL_PREFIX=/home/atharv/robofest_ws/install/robofest
[0.068s] -- The C compiler identification is GNU 11.4.0
[0.131s] -- The CXX compiler identification is GNU 11.4.0
[0.139s] -- Detecting C compiler ABI info
[0.212s] -- Detecting C compiler ABI info - done
[0.224s] -- Check for working C compiler: /usr/bin/cc - skipped
[0.224s] -- Detecting C compile features
[0.225s] -- Detecting C compile features - done
[0.229s] -- Detecting CXX compiler ABI info
[0.317s] -- Detecting CXX compiler ABI info - done
[0.330s] -- Check for working CXX compiler: /usr/bin/c++ - skipped
[0.330s] -- Detecting CXX compile features
[0.331s] -- Detecting CXX compile features - done
[0.333s] -- Found ament_cmake: 1.3.13 (/opt/ros/humble/share/ament_cmake/cmake)
[0.528s] -- Found Python3: /usr/bin/python3 (found version "3.10.12") found components: Interpreter 
[0.609s] -- Override CMake install command with custom implementation using symlinks instead of copying resources
[0.633s] -- Found rclcpp: 16.0.18 (/opt/ros/humble/share/rclcpp/cmake)
[0.686s] -- Found rosidl_generator_c: 3.1.8 (/opt/ros/humble/share/rosidl_generator_c/cmake)
[0.690s] -- Found rosidl_adapter: 3.1.8 (/opt/ros/humble/share/rosidl_adapter/cmake)
[0.700s] -- Found rosidl_generator_cpp: 3.1.8 (/opt/ros/humble/share/rosidl_generator_cpp/cmake)
[0.717s] -- Using all available rosidl_typesupport_c: rosidl_typesupport_fastrtps_c;rosidl_typesupport_introspection_c
[0.739s] -- Using all available rosidl_typesupport_cpp: rosidl_typesupport_fastrtps_cpp;rosidl_typesupport_introspection_cpp
[0.791s] -- Found rmw_implementation_cmake: 6.1.2 (/opt/ros/humble/share/rmw_implementation_cmake/cmake)
[0.793s] -- Found rmw_fastrtps_cpp: 6.2.10 (/opt/ros/humble/share/rmw_fastrtps_cpp/cmake)
[0.886s] -- Found OpenSSL: /usr/lib/x86_64-linux-gnu/libcrypto.so (found version "3.0.2")  
[0.920s] -- Found FastRTPS: /opt/ros/humble/include  
[0.972s] -- Using RMW implementation 'rmw_fastrtps_cpp' as default
[0.981s] -- Looking for pthread.h
[1.058s] -- Looking for pthread.h - found
[1.059s] -- Performing Test CMAKE_HAVE_LIBC_PTHREAD
[1.136s] -- Performing Test CMAKE_HAVE_LIBC_PTHREAD - Success
[1.137s] -- Found Threads: TRUE  
[1.465s] -- Found OpenMP_C: -fopenmp (found version "4.5") 
[1.559s] -- Found OpenMP_CXX: -fopenmp (found version "4.5") 
[1.560s] -- Found OpenMP: TRUE (found version "4.5")  
[1.612s] -- Configuring done
[1.619s] -- Generating done
[1.621s] -- Build files have been written to: /home/atharv/robofest_ws/build/robofest
[1.628s] Invoked command in '/home/atharv/robofest_ws/build/robofest' returned '0': CMAKE_PREFIX_PATH=/opt/ros/humble /usr/bin/cmake /home/atharv/robofest_ws/src/robofest -DAMENT_CMAKE_SYMLINK_INSTALL=1 -DCMAKE_INSTALL_PREFIX=/home/atharv/robofest_ws/install/robofest
[1.630s] Invoking command in '/home/atharv/robofest_ws/build/robofest': CMAKE_PREFIX_PATH=/opt/ros/humble /usr/bin/cmake --build /home/atharv/robofest_ws/build/robofest -- -j12 -l12
[1.664s] [ 50%] [32mBuilding CXX object CMakeFiles/mine_detector.dir/src/port.cpp.o[0m
[5.414s] [100%] [32m[1mLinking CXX executable mine_detector[0m
[5.587s] [100%] Built target mine_detector
[5.595s] Invoked command in '/home/atharv/robofest_ws/build/robofest' returned '0': CMAKE_PREFIX_PATH=/opt/ros/humble /usr/bin/cmake --build /home/atharv/robofest_ws/build/robofest -- -j12 -l12
[5.602s] Invoking command in '/home/atharv/robofest_ws/build/robofest': CMAKE_PREFIX_PATH=/opt/ros/humble /usr/bin/cmake --install /home/atharv/robofest_ws/build/robofest
[5.606s] -- Install configuration: ""
[5.607s] -- Execute custom install script
[5.607s] -- Symlinking: /home/atharv/robofest_ws/install/robofest/lib/robofest/mine_detector
[5.612s] -- Symlinking: /home/atharv/robofest_ws/install/robofest/share/ament_index/resource_index/package_run_dependencies/robofest
[5.618s] -- Symlinking: /home/atharv/robofest_ws/install/robofest/share/ament_index/resource_index/parent_prefix_path/robofest
[5.623s] -- Symlinking: /home/atharv/robofest_ws/install/robofest/share/robofest/environment/ament_prefix_path.sh
[5.629s] -- Symlinking: /home/atharv/robofest_ws/install/robofest/share/robofest/environment/ament_prefix_path.dsv
[5.635s] -- Symlinking: /home/atharv/robofest_ws/install/robofest/share/robofest/environment/path.sh
[5.641s] -- Symlinking: /home/atharv/robofest_ws/install/robofest/share/robofest/environment/path.dsv
[5.646s] -- Symlinking: /home/atharv/robofest_ws/install/robofest/share/robofest/local_setup.bash
[5.652s] -- Symlinking: /home/atharv/robofest_ws/install/robofest/share/robofest/local_setup.sh
[5.657s] -- Symlinking: /home/atharv/robofest_ws/install/robofest/share/robofest/local_setup.zsh
[5.663s] -- Symlinking: /home/atharv/robofest_ws/install/robofest/share/robofest/local_setup.dsv
[5.670s] -- Symlinking: /home/atharv/robofest_ws/install/robofest/share/robofest/package.dsv
[5.680s] -- Symlinking: /home/atharv/robofest_ws/install/robofest/share/ament_index/resource_index/packages/robofest
[5.688s] -- Symlinking: /home/atharv/robofest_ws/install/robofest/share/robofest/cmake/robofestConfig.cmake
[5.697s] -- Symlinking: /home/atharv/robofest_ws/install/robofest/share/robofest/cmake/robofestConfig-version.cmake
[5.706s] -- Symlinking: /home/atharv/robofest_ws/install/robofest/share/robofest/package.xml
[5.718s] Invoked command in '/home/atharv/robofest_ws/build/robofest' returned '0': CMAKE_PREFIX_PATH=/opt/ros/humble /usr/bin/cmake --install /home/atharv/robofest_ws/build/robofest
