[0.011s] Invoking command in '/home/atharv/robofest_ws/build/robofest': CMAKE_PREFIX_PATH=${CMAKE_PREFIX_PATH}:/opt/ros/humble /usr/bin/cmake /home/atharv/robofest_ws/src/robofest -DCMAKE_INSTALL_PREFIX=/home/atharv/robofest_ws/install/robofest
[0.029s] -- Found ament_cmake: 1.3.13 (/opt/ros/humble/share/ament_cmake/cmake)
[0.190s] -- Override CMake install command with custom implementation using symlinks instead of copying resources
[0.205s] -- Found rclcpp: 16.0.18 (/opt/ros/humble/share/rclcpp/cmake)
[0.250s] -- Found rosidl_generator_c: 3.1.8 (/opt/ros/humble/share/rosidl_generator_c/cmake)
[0.254s] -- Found rosidl_adapter: 3.1.8 (/opt/ros/humble/share/rosidl_adapter/cmake)
[0.263s] -- Found rosidl_generator_cpp: 3.1.8 (/opt/ros/humble/share/rosidl_generator_cpp/cmake)
[0.278s] -- Using all available rosidl_typesupport_c: rosidl_typesupport_fastrtps_c;rosidl_typesupport_introspection_c
[0.297s] -- Using all available rosidl_typesupport_cpp: rosidl_typesupport_fastrtps_cpp;rosidl_typesupport_introspection_cpp
[0.346s] -- Found rmw_implementation_cmake: 6.1.2 (/opt/ros/humble/share/rmw_implementation_cmake/cmake)
[0.349s] -- Found rmw_fastrtps_cpp: 6.2.10 (/opt/ros/humble/share/rmw_fastrtps_cpp/cmake)
[0.486s] -- Using RMW implementation 'rmw_fastrtps_cpp' as default
[0.640s] -- Configuring done
[0.650s] -- Generating done
[0.654s] -- Build files have been written to: /home/atharv/robofest_ws/build/robofest
[0.659s] Invoked command in '/home/atharv/robofest_ws/build/robofest' returned '0': CMAKE_PREFIX_PATH=${CMAKE_PREFIX_PATH}:/opt/ros/humble /usr/bin/cmake /home/atharv/robofest_ws/src/robofest -DCMAKE_INSTALL_PREFIX=/home/atharv/robofest_ws/install/robofest
[0.660s] Invoking command in '/home/atharv/robofest_ws/build/robofest': CMAKE_PREFIX_PATH=${CMAKE_PREFIX_PATH}:/opt/ros/humble /usr/bin/cmake --build /home/atharv/robofest_ws/build/robofest -- -j12 -l12
[0.686s] [35m[1mConsolidate compiler generated dependencies of target mine_detector[0m
[0.692s] [ 25%] [32mBuilding CXX object CMakeFiles/drone_node.dir/src/dronenode.cpp.o[0m
[0.697s] [ 75%] Built target mine_detector
[0.705s] [100%] [32m[1mLinking CXX executable drone_node[0m
[0.746s] /usr/bin/ld: /usr/lib/gcc/x86_64-linux-gnu/11/../../../x86_64-linux-gnu/Scrt1.o: in function `_start':
[0.746s] (.text+0x1b): undefined reference to `main'
[0.747s] collect2: error: ld returned 1 exit status
[0.748s] gmake[2]: *** [CMakeFiles/drone_node.dir/build.make:162: drone_node] Error 1
[0.748s] gmake[1]: *** [CMakeFiles/Makefile2:165: CMakeFiles/drone_node.dir/all] Error 2
[0.748s] gmake: *** [Makefile:146: all] Error 2
[0.750s] Invoked command in '/home/atharv/robofest_ws/build/robofest' returned '2': CMAKE_PREFIX_PATH=${CMAKE_PREFIX_PATH}:/opt/ros/humble /usr/bin/cmake --build /home/atharv/robofest_ws/build/robofest -- -j12 -l12
