[0.143s] DEBUG:colcon:Command line arguments: ['/usr/bin/colcon', 'build', '--packages-select', 'robofest', '--symlink-install']
[0.143s] DEBUG:colcon:Parsed command line arguments: Namespace(log_base=None, log_level=None, verb_name='build', build_base='build', install_base='install', merge_install=False, symlink_install=True, test_result_base=None, continue_on_error=False, executor='parallel', parallel_workers=12, event_handlers=None, ignore_user_meta=False, metas=['./colcon.meta'], base_paths=['.'], packages_ignore=None, packages_ignore_regex=None, paths=None, packages_up_to=None, packages_up_to_regex=None, packages_above=None, packages_above_and_dependencies=None, packages_above_depth=None, packages_select_by_dep=None, packages_skip_by_dep=None, packages_skip_up_to=None, packages_select_build_failed=False, packages_skip_build_finished=False, packages_select_test_failures=False, packages_skip_test_passed=False, packages_select=['robofest'], packages_skip=None, packages_select_regex=None, packages_skip_regex=None, packages_start=None, packages_end=None, allow_overriding=[], cmake_args=None, cmake_target=None, cmake_target_skip_unavailable=False, cmake_clean_cache=False, cmake_clean_first=False, cmake_force_configure=False, ament_cmake_args=None, catkin_cmake_args=None, catkin_skip_building_tests=False, verb_parser=<colcon_defaults.argument_parser.defaults.DefaultArgumentsDecorator object at 0x7e37867bf490>, verb_extension=<colcon_core.verb.build.BuildVerb object at 0x7e37868f59c0>, main=<bound method BuildVerb.main of <colcon_core.verb.build.BuildVerb object at 0x7e37868f59c0>>)
[0.400s] Level 1:colcon.colcon_core.package_discovery:discover_packages(colcon_meta) check parameters
[0.400s] Level 1:colcon.colcon_core.package_discovery:discover_packages(recursive) check parameters
[0.400s] Level 1:colcon.colcon_core.package_discovery:discover_packages(ignore) check parameters
[0.400s] Level 1:colcon.colcon_core.package_discovery:discover_packages(path) check parameters
[0.400s] Level 1:colcon.colcon_core.package_discovery:discover_packages(colcon_meta) discover
[0.400s] Level 1:colcon.colcon_core.package_discovery:discover_packages(recursive) discover
[0.400s] INFO:colcon.colcon_core.package_discovery:Crawling recursively for packages in '/home/atharv/robofest_ws'
[0.400s] Level 1:colcon.colcon_core.package_identification:_identify(.) by extensions ['ignore', 'ignore_ament_install']
[0.400s] Level 1:colcon.colcon_core.package_identification:_identify(.) by extension 'ignore'
[0.400s] Level 1:colcon.colcon_core.package_identification:_identify(.) by extension 'ignore_ament_install'
[0.401s] Level 1:colcon.colcon_core.package_identification:_identify(.) by extensions ['colcon_pkg']
[0.401s] Level 1:colcon.colcon_core.package_identification:_identify(.) by extension 'colcon_pkg'
[0.401s] Level 1:colcon.colcon_core.package_identification:_identify(.) by extensions ['colcon_meta']
[0.401s] Level 1:colcon.colcon_core.package_identification:_identify(.) by extension 'colcon_meta'
[0.401s] Level 1:colcon.colcon_core.package_identification:_identify(.) by extensions ['ros']
[0.401s] Level 1:colcon.colcon_core.package_identification:_identify(.) by extension 'ros'
[0.423s] Level 1:colcon.colcon_core.package_identification:_identify(.) by extensions ['cmake', 'python']
[0.423s] Level 1:colcon.colcon_core.package_identification:_identify(.) by extension 'cmake'
[0.424s] Level 1:colcon.colcon_core.package_identification:_identify(.) by extension 'python'
[0.424s] Level 1:colcon.colcon_core.package_identification:_identify(.) by extensions ['python_setup_py']
[0.424s] Level 1:colcon.colcon_core.package_identification:_identify(.) by extension 'python_setup_py'
[0.424s] Level 1:colcon.colcon_core.package_identification:_identify(VCA) by extensions ['ignore', 'ignore_ament_install']
[0.424s] Level 1:colcon.colcon_core.package_identification:_identify(VCA) by extension 'ignore'
[0.424s] Level 1:colcon.colcon_core.package_identification:_identify(VCA) by extension 'ignore_ament_install'
[0.424s] Level 1:colcon.colcon_core.package_identification:_identify(VCA) by extensions ['colcon_pkg']
[0.424s] Level 1:colcon.colcon_core.package_identification:_identify(VCA) by extension 'colcon_pkg'
[0.424s] Level 1:colcon.colcon_core.package_identification:_identify(VCA) by extensions ['colcon_meta']
[0.424s] Level 1:colcon.colcon_core.package_identification:_identify(VCA) by extension 'colcon_meta'
[0.424s] Level 1:colcon.colcon_core.package_identification:_identify(VCA) by extensions ['ros']
[0.424s] Level 1:colcon.colcon_core.package_identification:_identify(VCA) by extension 'ros'
[0.424s] Level 1:colcon.colcon_core.package_identification:_identify(VCA) by extensions ['cmake', 'python']
[0.424s] Level 1:colcon.colcon_core.package_identification:_identify(VCA) by extension 'cmake'
[0.425s] Level 1:colcon.colcon_core.package_identification:_identify(VCA) by extension 'python'
[0.425s] Level 1:colcon.colcon_core.package_identification:_identify(VCA) by extensions ['python_setup_py']
[0.425s] Level 1:colcon.colcon_core.package_identification:_identify(VCA) by extension 'python_setup_py'
[0.425s] Level 1:colcon.colcon_core.package_identification:_identify(VCA/2000MHz) by extensions ['ignore', 'ignore_ament_install']
[0.425s] Level 1:colcon.colcon_core.package_identification:_identify(VCA/2000MHz) by extension 'ignore'
[0.425s] Level 1:colcon.colcon_core.package_identification:_identify(VCA/2000MHz) by extension 'ignore_ament_install'
[0.425s] Level 1:colcon.colcon_core.package_identification:_identify(VCA/2000MHz) by extensions ['colcon_pkg']
[0.425s] Level 1:colcon.colcon_core.package_identification:_identify(VCA/2000MHz) by extension 'colcon_pkg'
[0.425s] Level 1:colcon.colcon_core.package_identification:_identify(VCA/2000MHz) by extensions ['colcon_meta']
[0.425s] Level 1:colcon.colcon_core.package_identification:_identify(VCA/2000MHz) by extension 'colcon_meta'
[0.425s] Level 1:colcon.colcon_core.package_identification:_identify(VCA/2000MHz) by extensions ['ros']
[0.425s] Level 1:colcon.colcon_core.package_identification:_identify(VCA/2000MHz) by extension 'ros'
[0.425s] Level 1:colcon.colcon_core.package_identification:_identify(VCA/2000MHz) by extensions ['cmake', 'python']
[0.425s] Level 1:colcon.colcon_core.package_identification:_identify(VCA/2000MHz) by extension 'cmake'
[0.425s] Level 1:colcon.colcon_core.package_identification:_identify(VCA/2000MHz) by extension 'python'
[0.426s] Level 1:colcon.colcon_core.package_identification:_identify(VCA/2000MHz) by extensions ['python_setup_py']
[0.426s] Level 1:colcon.colcon_core.package_identification:_identify(VCA/2000MHz) by extension 'python_setup_py'
[0.426s] Level 1:colcon.colcon_core.package_identification:_identify(build) by extensions ['ignore', 'ignore_ament_install']
[0.426s] Level 1:colcon.colcon_core.package_identification:_identify(build) by extension 'ignore'
[0.426s] Level 1:colcon.colcon_core.package_identification:_identify(build) ignored
[0.426s] Level 1:colcon.colcon_core.package_identification:_identify(install) by extensions ['ignore', 'ignore_ament_install']
[0.426s] Level 1:colcon.colcon_core.package_identification:_identify(install) by extension 'ignore'
[0.426s] Level 1:colcon.colcon_core.package_identification:_identify(install) ignored
[0.426s] Level 1:colcon.colcon_core.package_identification:_identify(log) by extensions ['ignore', 'ignore_ament_install']
[0.426s] Level 1:colcon.colcon_core.package_identification:_identify(log) by extension 'ignore'
[0.426s] Level 1:colcon.colcon_core.package_identification:_identify(log) ignored
[0.427s] Level 1:colcon.colcon_core.package_identification:_identify(src) by extensions ['ignore', 'ignore_ament_install']
[0.427s] Level 1:colcon.colcon_core.package_identification:_identify(src) by extension 'ignore'
[0.427s] Level 1:colcon.colcon_core.package_identification:_identify(src) by extension 'ignore_ament_install'
[0.427s] Level 1:colcon.colcon_core.package_identification:_identify(src) by extensions ['colcon_pkg']
[0.427s] Level 1:colcon.colcon_core.package_identification:_identify(src) by extension 'colcon_pkg'
[0.427s] Level 1:colcon.colcon_core.package_identification:_identify(src) by extensions ['colcon_meta']
[0.427s] Level 1:colcon.colcon_core.package_identification:_identify(src) by extension 'colcon_meta'
[0.427s] Level 1:colcon.colcon_core.package_identification:_identify(src) by extensions ['ros']
[0.427s] Level 1:colcon.colcon_core.package_identification:_identify(src) by extension 'ros'
[0.427s] Level 1:colcon.colcon_core.package_identification:_identify(src) by extensions ['cmake', 'python']
[0.427s] Level 1:colcon.colcon_core.package_identification:_identify(src) by extension 'cmake'
[0.427s] Level 1:colcon.colcon_core.package_identification:_identify(src) by extension 'python'
[0.427s] Level 1:colcon.colcon_core.package_identification:_identify(src) by extensions ['python_setup_py']
[0.427s] Level 1:colcon.colcon_core.package_identification:_identify(src) by extension 'python_setup_py'
[0.427s] Level 1:colcon.colcon_core.package_identification:_identify(src/robofest) by extensions ['ignore', 'ignore_ament_install']
[0.428s] Level 1:colcon.colcon_core.package_identification:_identify(src/robofest) by extension 'ignore'
[0.428s] Level 1:colcon.colcon_core.package_identification:_identify(src/robofest) by extension 'ignore_ament_install'
[0.428s] Level 1:colcon.colcon_core.package_identification:_identify(src/robofest) by extensions ['colcon_pkg']
[0.428s] Level 1:colcon.colcon_core.package_identification:_identify(src/robofest) by extension 'colcon_pkg'
[0.428s] Level 1:colcon.colcon_core.package_identification:_identify(src/robofest) by extensions ['colcon_meta']
[0.428s] Level 1:colcon.colcon_core.package_identification:_identify(src/robofest) by extension 'colcon_meta'
[0.428s] Level 1:colcon.colcon_core.package_identification:_identify(src/robofest) by extensions ['ros']
[0.428s] Level 1:colcon.colcon_core.package_identification:_identify(src/robofest) by extension 'ros'
[0.431s] DEBUG:colcon.colcon_core.package_identification:Package 'src/robofest' with type 'ros.ament_cmake' and name 'robofest'
[0.431s] Level 1:colcon.colcon_core.package_discovery:discover_packages(recursive) using defaults
[0.431s] Level 1:colcon.colcon_core.package_discovery:discover_packages(ignore) discover
[0.431s] Level 1:colcon.colcon_core.package_discovery:discover_packages(ignore) using defaults
[0.431s] Level 1:colcon.colcon_core.package_discovery:discover_packages(path) discover
[0.431s] Level 1:colcon.colcon_core.package_discovery:discover_packages(path) using defaults
[0.462s] Level 1:colcon.colcon_core.package_discovery:discover_packages(prefix_path) check parameters
[0.463s] Level 1:colcon.colcon_core.package_discovery:discover_packages(prefix_path) discover
[0.465s] DEBUG:colcon.colcon_installed_package_information.package_discovery:Found 1 installed packages in /home/atharv/robofest_ws/install
[0.467s] DEBUG:colcon.colcon_installed_package_information.package_discovery:Found 272 installed packages in /opt/ros/humble
[0.470s] Level 1:colcon.colcon_core.package_discovery:discover_packages(prefix_path) using defaults
[0.519s] Level 5:colcon.colcon_core.verb:set package 'robofest' build argument 'cmake_args' from command line to 'None'
[0.519s] Level 5:colcon.colcon_core.verb:set package 'robofest' build argument 'cmake_target' from command line to 'None'
[0.519s] Level 5:colcon.colcon_core.verb:set package 'robofest' build argument 'cmake_target_skip_unavailable' from command line to 'False'
[0.519s] Level 5:colcon.colcon_core.verb:set package 'robofest' build argument 'cmake_clean_cache' from command line to 'False'
[0.519s] Level 5:colcon.colcon_core.verb:set package 'robofest' build argument 'cmake_clean_first' from command line to 'False'
[0.519s] Level 5:colcon.colcon_core.verb:set package 'robofest' build argument 'cmake_force_configure' from command line to 'False'
[0.519s] Level 5:colcon.colcon_core.verb:set package 'robofest' build argument 'ament_cmake_args' from command line to 'None'
[0.519s] Level 5:colcon.colcon_core.verb:set package 'robofest' build argument 'catkin_cmake_args' from command line to 'None'
[0.519s] Level 5:colcon.colcon_core.verb:set package 'robofest' build argument 'catkin_skip_building_tests' from command line to 'False'
[0.519s] DEBUG:colcon.colcon_core.verb:Building package 'robofest' with the following arguments: {'ament_cmake_args': None, 'build_base': '/home/atharv/robofest_ws/build/robofest', 'catkin_cmake_args': None, 'catkin_skip_building_tests': False, 'cmake_args': None, 'cmake_clean_cache': False, 'cmake_clean_first': False, 'cmake_force_configure': False, 'cmake_target': None, 'cmake_target_skip_unavailable': False, 'install_base': '/home/atharv/robofest_ws/install/robofest', 'merge_install': False, 'path': '/home/atharv/robofest_ws/src/robofest', 'symlink_install': True, 'test_result_base': None}
[0.520s] INFO:colcon.colcon_core.executor:Executing jobs using 'parallel' executor
[0.521s] DEBUG:colcon.colcon_parallel_executor.executor.parallel:run_until_complete
[0.521s] INFO:colcon.colcon_ros.task.ament_cmake.build:Building ROS package in '/home/atharv/robofest_ws/src/robofest' with build type 'ament_cmake'
[0.521s] INFO:colcon.colcon_cmake.task.cmake.build:Building CMake package in '/home/atharv/robofest_ws/src/robofest'
[0.526s] INFO:colcon.colcon_core.plugin_system:Skipping extension 'colcon_core.shell.bat': Not used on non-Windows systems
[0.526s] INFO:colcon.colcon_core.shell:Skip shell extension 'powershell' for command environment: Not usable outside of PowerShell
[0.526s] DEBUG:colcon.colcon_core.shell:Skip shell extension 'dsv' for command environment
[0.536s] DEBUG:colcon.colcon_core.event_handler.log_command:Invoking command in '/home/atharv/robofest_ws/build/robofest': CMAKE_PREFIX_PATH=${CMAKE_PREFIX_PATH}:/opt/ros/humble /usr/bin/cmake --build /home/atharv/robofest_ws/build/robofest -- -j12 -l12
[5.984s] DEBUG:colcon.colcon_core.event_handler.log_command:Invoked command in '/home/atharv/robofest_ws/build/robofest' returned '0': CMAKE_PREFIX_PATH=${CMAKE_PREFIX_PATH}:/opt/ros/humble /usr/bin/cmake --build /home/atharv/robofest_ws/build/robofest -- -j12 -l12
[5.996s] DEBUG:colcon.colcon_core.event_handler.log_command:Invoking command in '/home/atharv/robofest_ws/build/robofest': CMAKE_PREFIX_PATH=${CMAKE_PREFIX_PATH}:/opt/ros/humble /usr/bin/cmake --install /home/atharv/robofest_ws/build/robofest
[6.014s] Level 1:colcon.colcon_core.environment:create_environment_scripts_only(robofest)
[6.015s] DEBUG:colcon.colcon_core.event_handler.log_command:Invoked command in '/home/atharv/robofest_ws/build/robofest' returned '0': CMAKE_PREFIX_PATH=${CMAKE_PREFIX_PATH}:/opt/ros/humble /usr/bin/cmake --install /home/atharv/robofest_ws/build/robofest
[6.020s] Level 1:colcon.colcon_core.environment:checking '/home/atharv/robofest_ws/install/robofest' for CMake module files
[6.021s] Level 1:colcon.colcon_core.environment:checking '/home/atharv/robofest_ws/install/robofest' for CMake config files
[6.021s] Level 1:colcon.colcon_core.shell:create_environment_hook('robofest', 'cmake_prefix_path')
[6.021s] INFO:colcon.colcon_core.shell:Creating environment hook '/home/atharv/robofest_ws/install/robofest/share/robofest/hook/cmake_prefix_path.ps1'
[6.023s] INFO:colcon.colcon_core.shell:Creating environment descriptor '/home/atharv/robofest_ws/install/robofest/share/robofest/hook/cmake_prefix_path.dsv'
[6.024s] INFO:colcon.colcon_core.shell:Creating environment hook '/home/atharv/robofest_ws/install/robofest/share/robofest/hook/cmake_prefix_path.sh'
[6.025s] Level 1:colcon.colcon_core.environment:checking '/home/atharv/robofest_ws/install/robofest/lib'
[6.025s] Level 1:colcon.colcon_core.environment:checking '/home/atharv/robofest_ws/install/robofest/bin'
[6.025s] Level 1:colcon.colcon_core.environment:checking '/home/atharv/robofest_ws/install/robofest/lib/pkgconfig/robofest.pc'
[6.025s] Level 1:colcon.colcon_core.environment:checking '/home/atharv/robofest_ws/install/robofest/lib/python3.10/site-packages'
[6.025s] Level 1:colcon.colcon_core.environment:checking '/home/atharv/robofest_ws/install/robofest/bin'
[6.026s] INFO:colcon.colcon_core.shell:Creating package script '/home/atharv/robofest_ws/install/robofest/share/robofest/package.ps1'
[6.027s] INFO:colcon.colcon_core.shell:Creating package descriptor '/home/atharv/robofest_ws/install/robofest/share/robofest/package.dsv'
[6.028s] INFO:colcon.colcon_core.shell:Creating package script '/home/atharv/robofest_ws/install/robofest/share/robofest/package.sh'
[6.029s] INFO:colcon.colcon_core.shell:Creating package script '/home/atharv/robofest_ws/install/robofest/share/robofest/package.bash'
[6.030s] INFO:colcon.colcon_core.shell:Creating package script '/home/atharv/robofest_ws/install/robofest/share/robofest/package.zsh'
[6.030s] Level 1:colcon.colcon_core.environment:create_file_with_runtime_dependencies(/home/atharv/robofest_ws/install/robofest/share/colcon-core/packages/robofest)
[6.031s] Level 1:colcon.colcon_core.environment:create_environment_scripts_only(robofest)
[6.031s] Level 1:colcon.colcon_core.environment:checking '/home/atharv/robofest_ws/install/robofest' for CMake module files
[6.031s] Level 1:colcon.colcon_core.environment:checking '/home/atharv/robofest_ws/install/robofest' for CMake config files
[6.032s] Level 1:colcon.colcon_core.shell:create_environment_hook('robofest', 'cmake_prefix_path')
[6.032s] INFO:colcon.colcon_core.shell:Creating environment hook '/home/atharv/robofest_ws/install/robofest/share/robofest/hook/cmake_prefix_path.ps1'
[6.032s] INFO:colcon.colcon_core.shell:Creating environment descriptor '/home/atharv/robofest_ws/install/robofest/share/robofest/hook/cmake_prefix_path.dsv'
[6.032s] INFO:colcon.colcon_core.shell:Creating environment hook '/home/atharv/robofest_ws/install/robofest/share/robofest/hook/cmake_prefix_path.sh'
[6.033s] Level 1:colcon.colcon_core.environment:checking '/home/atharv/robofest_ws/install/robofest/lib'
[6.033s] Level 1:colcon.colcon_core.environment:checking '/home/atharv/robofest_ws/install/robofest/bin'
[6.033s] Level 1:colcon.colcon_core.environment:checking '/home/atharv/robofest_ws/install/robofest/lib/pkgconfig/robofest.pc'
[6.033s] Level 1:colcon.colcon_core.environment:checking '/home/atharv/robofest_ws/install/robofest/lib/python3.10/site-packages'
[6.033s] Level 1:colcon.colcon_core.environment:checking '/home/atharv/robofest_ws/install/robofest/bin'
[6.033s] INFO:colcon.colcon_core.shell:Creating package script '/home/atharv/robofest_ws/install/robofest/share/robofest/package.ps1'
[6.034s] INFO:colcon.colcon_core.shell:Creating package descriptor '/home/atharv/robofest_ws/install/robofest/share/robofest/package.dsv'
[6.034s] INFO:colcon.colcon_core.shell:Creating package script '/home/atharv/robofest_ws/install/robofest/share/robofest/package.sh'
[6.035s] INFO:colcon.colcon_core.shell:Creating package script '/home/atharv/robofest_ws/install/robofest/share/robofest/package.bash'
[6.035s] INFO:colcon.colcon_core.shell:Creating package script '/home/atharv/robofest_ws/install/robofest/share/robofest/package.zsh'
[6.035s] Level 1:colcon.colcon_core.environment:create_file_with_runtime_dependencies(/home/atharv/robofest_ws/install/robofest/share/colcon-core/packages/robofest)
[6.036s] DEBUG:colcon.colcon_parallel_executor.executor.parallel:closing loop
[6.036s] DEBUG:colcon.colcon_parallel_executor.executor.parallel:loop closed
[6.036s] DEBUG:colcon.colcon_parallel_executor.executor.parallel:run_until_complete finished with '0'
[6.036s] DEBUG:colcon.colcon_core.event_reactor:joining thread
[6.041s] INFO:colcon.colcon_core.plugin_system:Skipping extension 'colcon_notification.desktop_notification.terminal_notifier': Not used on non-Darwin systems
[6.041s] INFO:colcon.colcon_core.plugin_system:Skipping extension 'colcon_notification.desktop_notification.win32': Not used on non-Windows systems
[6.041s] INFO:colcon.colcon_notification.desktop_notification:Sending desktop notification using 'notify2'
[6.052s] DEBUG:colcon.colcon_core.event_reactor:joined thread
[6.052s] INFO:colcon.colcon_core.shell:Creating prefix script '/home/atharv/robofest_ws/install/local_setup.ps1'
[6.053s] INFO:colcon.colcon_core.shell:Creating prefix util module '/home/atharv/robofest_ws/install/_local_setup_util_ps1.py'
[6.055s] INFO:colcon.colcon_core.shell:Creating prefix chain script '/home/atharv/robofest_ws/install/setup.ps1'
[6.056s] INFO:colcon.colcon_core.shell:Creating prefix script '/home/atharv/robofest_ws/install/local_setup.sh'
[6.057s] INFO:colcon.colcon_core.shell:Creating prefix util module '/home/atharv/robofest_ws/install/_local_setup_util_sh.py'
[6.057s] INFO:colcon.colcon_core.shell:Creating prefix chain script '/home/atharv/robofest_ws/install/setup.sh'
[6.059s] INFO:colcon.colcon_core.shell:Creating prefix script '/home/atharv/robofest_ws/install/local_setup.bash'
[6.059s] INFO:colcon.colcon_core.shell:Creating prefix chain script '/home/atharv/robofest_ws/install/setup.bash'
[6.060s] INFO:colcon.colcon_core.shell:Creating prefix script '/home/atharv/robofest_ws/install/local_setup.zsh'
[6.061s] INFO:colcon.colcon_core.shell:Creating prefix chain script '/home/atharv/robofest_ws/install/setup.zsh'
